#
# There is insufficient memory for the Java Runtime Environment to continue.
# Native memory allocation (malloc) failed to allocate 32744 bytes for ChunkPool::allocate
# Possible reasons:
#   The system is out of physical RAM or swap space
#   The process is running with CompressedOops enabled, and the Java Heap may be blocking the growth of the native heap
# Possible solutions:
#   Reduce memory load on the system
#   Increase physical memory or swap space
#   Check if swap backing store is full
#   Decrease Java heap size (-Xmx/-Xms)
#   Decrease number of Java threads
#   Decrease Java thread stack sizes (-Xss)
#   Set larger code cache with -XX:ReservedCodeCacheSize=
#   JVM is running with Unscaled Compressed Oops mode in which the Java heap is
#     placed in the first 4GB address space. The Java Heap base address is the
#     maximum limit for the native heap growth. Please use -XX:HeapBaseMinAddress
#     to set the Java Heap base and to place the Java Heap above 4GB virtual address.
# This output file may be truncated or incomplete.
#
#  Out of Memory Error (allocation.cpp:272), pid=10560, tid=0x0000000000001e74
#
# JRE version: Java(TM) SE Runtime Environment (8.0_212-b10) (build 1.8.0_212-b10)
# Java VM: Java HotSpot(TM) 64-Bit Server VM (25.212-b10 mixed mode windows-amd64 compressed oops)
# Failed to write core dump. Minidumps are not enabled by default on client versions of Windows
#

---------------  T H R E A D  ---------------

Current thread (0x0000000019868000):  JavaThread "C1 CompilerThread2" daemon [_thread_in_native, id=7796, stack(0x0000000019e70000,0x0000000019f70000)]

Stack: [0x0000000019e70000,0x0000000019f70000]
[error occurred during error reporting (printing stack bounds), id 0xc0000005]

Native frames: (J=compiled Java code, j=interpreted, Vv=VM code, C=native code)


Current CompileTask:
C1:   6654 3361       1       sun.nio.cs.UTF_8$Encoder::encodeArrayLoop (489 bytes)


---------------  P R O C E S S  ---------------

Java Threads: ( => current thread )
  0x000000001b4b4000 JavaThread "HikariPool-1 connection adder" daemon [_thread_blocked, id=7952, stack(0x000000001da40000,0x000000001db40000)]
  0x000000001b4b8800 JavaThread "HikariPool-1 housekeeper" daemon [_thread_blocked, id=9880, stack(0x000000001d940000,0x000000001da40000)]
  0x000000001b4b6800 JavaThread "Abandoned connection cleanup thread" daemon [_thread_blocked, id=10840, stack(0x000000001d540000,0x000000001d640000)]
  0x000000001bd7c800 JavaThread "container-0" [_thread_blocked, id=916, stack(0x000000001d440000,0x000000001d540000)]
  0x000000001bd78000 JavaThread "ContainerBackgroundProcessor[StandardEngine[Tomcat]]" daemon [_thread_blocked, id=19148, stack(0x000000001d340000,0x000000001d440000)]
  0x000000001bc7a800 JavaThread "localhost-startStop-1" daemon [_thread_blocked, id=22828, stack(0x000000001d040000,0x000000001d140000)]
  0x000000001bc79800 JavaThread "Tomcat-startStop-1" daemon [_thread_blocked, id=16492, stack(0x000000001c640000,0x000000001c740000)]
  0x000000001a63e800 JavaThread "RMI Scheduler(0)" daemon [_thread_blocked, id=7764, stack(0x000000001c740000,0x000000001c840000)]
  0x000000001b429000 JavaThread "RMI TCP Connection(1)-192.168.255.1" daemon [_thread_in_native, id=19484, stack(0x000000001c540000,0x000000001c640000)]
  0x000000001a229800 JavaThread "RMI TCP Accept-0" daemon [_thread_in_native, id=22420, stack(0x000000001a870000,0x000000001a970000)]
  0x00000000198f2800 JavaThread "Service Thread" daemon [_thread_blocked, id=18792, stack(0x0000000019f70000,0x000000001a070000)]
=>0x0000000019868000 JavaThread "C1 CompilerThread2" daemon [_thread_in_native, id=7796, stack(0x0000000019e70000,0x0000000019f70000)]
  0x0000000019866000 JavaThread "C2 CompilerThread1" daemon [_thread_blocked, id=8092, stack(0x0000000019d70000,0x0000000019e70000)]
  0x0000000019865800 JavaThread "C2 CompilerThread0" daemon [_thread_blocked, id=23132, stack(0x0000000019c70000,0x0000000019d70000)]
  0x000000001983c800 JavaThread "Monitor Ctrl-Break" daemon [_thread_in_native, id=11416, stack(0x0000000019b70000,0x0000000019c70000)]
  0x00000000195b2800 JavaThread "Attach Listener" daemon [_thread_blocked, id=16564, stack(0x0000000019a70000,0x0000000019b70000)]
  0x0000000018225000 JavaThread "Signal Dispatcher" daemon [_thread_blocked, id=11460, stack(0x0000000019970000,0x0000000019a70000)]
  0x0000000003759000 JavaThread "Finalizer" daemon [_thread_blocked, id=18788, stack(0x0000000019470000,0x0000000019570000)]
  0x0000000003756000 JavaThread "Reference Handler" daemon [_thread_blocked, id=9244, stack(0x0000000019370000,0x0000000019470000)]
  0x0000000003665000 JavaThread "main" [_thread_in_native, id=15620, stack(0x0000000003340000,0x0000000003440000)]

Other Threads:
  0x00000000181d7000 VMThread [stack: 0x0000000019270000,0x0000000019370000] [id=3968]
  0x000000001a231800 WatcherThread [stack: 0x000000001a970000,0x000000001aa70000] [id=15308]

VM state:not at safepoint (normal execution)

VM Mutex/Monitor currently owned by a thread: None

heap address: 0x0000000082600000, size: 2010 MB, Compressed Oops mode: 32-bit
Narrow klass base: 0x0000000000000000, Narrow klass shift: 3
Compressed class space size: 1073741824 Address: 0x0000000100000000

Heap:
 PSYoungGen      total 227328K, used 30404K [0x00000000d6200000, 0x00000000e5e00000, 0x0000000100000000)
  eden space 214016K, 14% used [0x00000000d6200000,0x00000000d7fb1098,0x00000000e3300000)
  from space 13312K, 0% used [0x00000000e4280000,0x00000000e4280000,0x00000000e4f80000)
  to   space 15872K, 0% used [0x00000000e3300000,0x00000000e3300000,0x00000000e4280000)
 ParOldGen       total 47104K, used 21149K [0x0000000082600000, 0x0000000085400000, 0x00000000d6200000)
  object space 47104K, 44% used [0x0000000082600000,0x0000000083aa76d8,0x0000000085400000)
 Metaspace       used 36183K, capacity 37775K, committed 38144K, reserved 1083392K
  class space    used 4957K, capacity 5270K, committed 5376K, reserved 1048576K

Card table byte_map: [0x0000000012b20000,0x0000000012f10000] byte_map_base: 0x000000001270d000

Marking Bits: (ParMarkBitMap*) 0x0000000061e95ce0
 Begin Bits: [0x00000000135b0000, 0x0000000015518000)
 End Bits:   [0x0000000015518000, 0x0000000017480000)

Polling page: 0x0000000001350000

CodeCache: size=245760Kb used=7203Kb max_used=7203Kb free=238557Kb
 bounds [0x0000000003760000, 0x0000000003e70000, 0x0000000012760000]
 total_blobs=3840 nmethods=3360 adapters=391
 compilation: enabled

Compilation events (10 events):
Event: 6.629 Thread 0x0000000019868000 nmethod 3355 0x0000000003e67b50 code [0x0000000003e67ca0, 0x0000000003e67db0]
Event: 6.629 Thread 0x0000000019868000 3353       1       java.util.TreeSet::add (22 bytes)
Event: 6.629 Thread 0x0000000019868000 nmethod 3353 0x0000000003e67e50 code [0x0000000003e67fc0, 0x0000000003e68128]
Event: 6.630 Thread 0x0000000019868000 3358       1       java.util.regex.Matcher::end (22 bytes)
Event: 6.631 Thread 0x0000000019868000 nmethod 3358 0x0000000003e68190 code [0x0000000003e68300, 0x0000000003e684c8]
Event: 6.634 Thread 0x0000000019868000 3359       1       java.nio.charset.CharsetEncoder::charset (5 bytes)
Event: 6.634 Thread 0x0000000019868000 nmethod 3359 0x0000000003e68850 code [0x0000000003e689a0, 0x0000000003e68ab0]
Event: 6.634 Thread 0x0000000019868000 3360       1       java.nio.CharBuffer::array (35 bytes)
Event: 6.634 Thread 0x0000000019868000 nmethod 3360 0x0000000003e68b10 code [0x0000000003e68c80, 0x0000000003e68e78]
Event: 6.634 Thread 0x0000000019868000 3361       1       sun.nio.cs.UTF_8$Encoder::encodeArrayLoop (489 bytes)

GC Heap History (10 events):
Event: 3.457 GC heap before
{Heap before GC invocations=6 (full 1):
 PSYoungGen      total 70656K, used 5112K [0x00000000d6200000, 0x00000000df300000, 0x0000000100000000)
  eden space 65536K, 0% used [0x00000000d6200000,0x00000000d6200000,0x00000000da200000)
  from space 5120K, 99% used [0x00000000da200000,0x00000000da6fe030,0x00000000da700000)
  to   space 8704K, 0% used [0x00000000dea80000,0x00000000dea80000,0x00000000df300000)
 ParOldGen       total 86016K, used 5872K [0x0000000082600000, 0x0000000087a00000, 0x00000000d6200000)
  object space 86016K, 6% used [0x0000000082600000,0x0000000082bbc0b8,0x0000000087a00000)
 Metaspace       used 20557K, capacity 21185K, committed 21296K, reserved 1067008K
  class space    used 2759K, capacity 2944K, committed 2944K, reserved 1048576K
Event: 3.517 GC heap after
Heap after GC invocations=6 (full 1):
 PSYoungGen      total 70656K, used 0K [0x00000000d6200000, 0x00000000df300000, 0x0000000100000000)
  eden space 65536K, 0% used [0x00000000d6200000,0x00000000d6200000,0x00000000da200000)
  from space 5120K, 0% used [0x00000000da200000,0x00000000da200000,0x00000000da700000)
  to   space 8704K, 0% used [0x00000000dea80000,0x00000000dea80000,0x00000000df300000)
 ParOldGen       total 47104K, used 5581K [0x0000000082600000, 0x0000000085400000, 0x00000000d6200000)
  object space 47104K, 11% used [0x0000000082600000,0x0000000082b73400,0x0000000085400000)
 Metaspace       used 20557K, capacity 21185K, committed 21296K, reserved 1067008K
  class space    used 2759K, capacity 2944K, committed 2944K, reserved 1048576K
}
Event: 3.917 GC heap before
{Heap before GC invocations=7 (full 1):
 PSYoungGen      total 70656K, used 65536K [0x00000000d6200000, 0x00000000df300000, 0x0000000100000000)
  eden space 65536K, 100% used [0x00000000d6200000,0x00000000da200000,0x00000000da200000)
  from space 5120K, 0% used [0x00000000da200000,0x00000000da200000,0x00000000da700000)
  to   space 8704K, 0% used [0x00000000dea80000,0x00000000dea80000,0x00000000df300000)
 ParOldGen       total 47104K, used 8528K [0x0000000082600000, 0x0000000085400000, 0x00000000d6200000)
  object space 47104K, 18% used [0x0000000082600000,0x0000000082e54280,0x0000000085400000)
 Metaspace       used 23335K, capacity 24103K, committed 24448K, reserved 1071104K
  class space    used 3137K, capacity 3346K, committed 3456K, reserved 1048576K
Event: 3.933 GC heap after
Heap after GC invocations=7 (full 1):
 PSYoungGen      total 127488K, used 6940K [0x00000000d6200000, 0x00000000df180000, 0x0000000100000000)
  eden space 120320K, 0% used [0x00000000d6200000,0x00000000d6200000,0x00000000dd780000)
  from space 7168K, 96% used [0x00000000dea80000,0x00000000df1472b8,0x00000000df180000)
  to   space 9216K, 0% used [0x00000000ddf80000,0x00000000ddf80000,0x00000000de880000)
 ParOldGen       total 47104K, used 8528K [0x0000000082600000, 0x0000000085400000, 0x00000000d6200000)
  object space 47104K, 18% used [0x0000000082600000,0x0000000082e54280,0x0000000085400000)
 Metaspace       used 23335K, capacity 24103K, committed 24448K, reserved 1071104K
  class space    used 3137K, capacity 3346K, committed 3456K, reserved 1048576K
}
Event: 5.403 GC heap before
{Heap before GC invocations=8 (full 1):
 PSYoungGen      total 127488K, used 127260K [0x00000000d6200000, 0x00000000df180000, 0x0000000100000000)
  eden space 120320K, 100% used [0x00000000d6200000,0x00000000dd780000,0x00000000dd780000)
  from space 7168K, 96% used [0x00000000dea80000,0x00000000df1472b8,0x00000000df180000)
  to   space 9216K, 0% used [0x00000000ddf80000,0x00000000ddf80000,0x00000000de880000)
 ParOldGen       total 47104K, used 8528K [0x0000000082600000, 0x0000000085400000, 0x00000000d6200000)
  object space 47104K, 18% used [0x0000000082600000,0x0000000082e54280,0x0000000085400000)
 Metaspace       used 29289K, capacity 30781K, committed 30976K, reserved 1075200K
  class space    used 3994K, capacity 4271K, committed 4352K, reserved 1048576K
Event: 5.416 GC heap after
Heap after GC invocations=8 (full 1):
 PSYoungGen      total 137728K, used 9193K [0x00000000d6200000, 0x00000000e4f80000, 0x0000000100000000)
  eden space 128512K, 0% used [0x00000000d6200000,0x00000000d6200000,0x00000000ddf80000)
  from space 9216K, 99% used [0x00000000ddf80000,0x00000000de87a7e0,0x00000000de880000)
  to   space 13312K, 0% used [0x00000000e4280000,0x00000000e4280000,0x00000000e4f80000)
 ParOldGen       total 47104K, used 14603K [0x0000000082600000, 0x0000000085400000, 0x00000000d6200000)
  object space 47104K, 31% used [0x0000000082600000,0x0000000083442f10,0x0000000085400000)
 Metaspace       used 29289K, capacity 30781K, committed 30976K, reserved 1075200K
  class space    used 3994K, capacity 4271K, committed 4352K, reserved 1048576K
}
Event: 6.248 GC heap before
{Heap before GC invocations=9 (full 1):
 PSYoungGen      total 137728K, used 106069K [0x00000000d6200000, 0x00000000e4f80000, 0x0000000100000000)
  eden space 128512K, 75% used [0x00000000d6200000,0x00000000dc09aec8,0x00000000ddf80000)
  from space 9216K, 99% used [0x00000000ddf80000,0x00000000de87a7e0,0x00000000de880000)
  to   space 13312K, 0% used [0x00000000e4280000,0x00000000e4280000,0x00000000e4f80000)
 ParOldGen       total 47104K, used 14603K [0x0000000082600000, 0x0000000085400000, 0x00000000d6200000)
  object space 47104K, 31% used [0x0000000082600000,0x0000000083442f10,0x0000000085400000)
 Metaspace       used 33825K, capacity 35331K, committed 35496K, reserved 1079296K
  class space    used 4482K, capacity 4778K, committed 4864K, reserved 1048576K
Event: 6.263 GC heap after
Heap after GC invocations=9 (full 1):
 PSYoungGen      total 227328K, used 13296K [0x00000000d6200000, 0x00000000e5e00000, 0x0000000100000000)
  eden space 214016K, 0% used [0x00000000d6200000,0x00000000d6200000,0x00000000e3300000)
  from space 13312K, 99% used [0x00000000e4280000,0x00000000e4f7c1c0,0x00000000e4f80000)
  to   space 15872K, 0% used [0x00000000e3300000,0x00000000e3300000,0x00000000e4280000)
 ParOldGen       total 47104K, used 16071K [0x0000000082600000, 0x0000000085400000, 0x00000000d6200000)
  object space 47104K, 34% used [0x0000000082600000,0x00000000835b1e88,0x0000000085400000)
 Metaspace       used 33825K, capacity 35331K, committed 35496K, reserved 1079296K
  class space    used 4482K, capacity 4778K, committed 4864K, reserved 1048576K
}
Event: 6.263 GC heap before
{Heap before GC invocations=10 (full 2):
 PSYoungGen      total 227328K, used 13296K [0x00000000d6200000, 0x00000000e5e00000, 0x0000000100000000)
  eden space 214016K, 0% used [0x00000000d6200000,0x00000000d6200000,0x00000000e3300000)
  from space 13312K, 99% used [0x00000000e4280000,0x00000000e4f7c1c0,0x00000000e4f80000)
  to   space 15872K, 0% used [0x00000000e3300000,0x00000000e3300000,0x00000000e4280000)
 ParOldGen       total 47104K, used 16071K [0x0000000082600000, 0x0000000085400000, 0x00000000d6200000)
  object space 47104K, 34% used [0x0000000082600000,0x00000000835b1e88,0x0000000085400000)
 Metaspace       used 33825K, capacity 35331K, committed 35496K, reserved 1079296K
  class space    used 4482K, capacity 4778K, committed 4864K, reserved 1048576K
Event: 6.341 GC heap after
Heap after GC invocations=10 (full 2):
 PSYoungGen      total 227328K, used 0K [0x00000000d6200000, 0x00000000e5e00000, 0x0000000100000000)
  eden space 214016K, 0% used [0x00000000d6200000,0x00000000d6200000,0x00000000e3300000)
  from space 13312K, 0% used [0x00000000e4280000,0x00000000e4280000,0x00000000e4f80000)
  to   space 15872K, 0% used [0x00000000e3300000,0x00000000e3300000,0x00000000e4280000)
 ParOldGen       total 47104K, used 21149K [0x0000000082600000, 0x0000000085400000, 0x00000000d6200000)
  object space 47104K, 44% used [0x0000000082600000,0x0000000083aa76d8,0x0000000085400000)
 Metaspace       used 33825K, capacity 35331K, committed 35496K, reserved 1079296K
  class space    used 4482K, capacity 4778K, committed 4864K, reserved 1048576K
}

Deoptimization events (0 events):
No events

Classes redefined (0 events):
No events

Internal exceptions (10 events):
Event: 6.186 Thread 0x0000000003665000 Exception <a 'java/lang/ArrayIndexOutOfBoundsException'> (0x00000000db9bfe58) thrown at [C:\re\workspace\8-2-build-windows-amd64-cygwin\jdk8u212\12974\hotspot\src\share\vm\runtime\sharedRuntime.cpp, line 605]
Event: 6.186 Thread 0x0000000003665000 Exception <a 'java/lang/ArrayIndexOutOfBoundsException'> (0x00000000db9c1530) thrown at [C:\re\workspace\8-2-build-windows-amd64-cygwin\jdk8u212\12974\hotspot\src\share\vm\runtime\sharedRuntime.cpp, line 605]
Event: 6.187 Thread 0x0000000003665000 Exception <a 'java/lang/ClassNotFoundException': org/springframework/beans/factory/BeanClassLoaderAwareCustomizer> (0x00000000db9dafa8) thrown at [C:\re\workspace\8-2-build-windows-amd64-cygwin\jdk8u212\12974\hotspot\src\share\vm\classfile\systemDictionar
Event: 6.187 Thread 0x0000000003665000 Exception <a 'java/lang/ClassNotFoundException': org/springframework/beans/factory/BeanFactoryAwareCustomizer> (0x00000000db9f1460) thrown at [C:\re\workspace\8-2-build-windows-amd64-cygwin\jdk8u212\12974\hotspot\src\share\vm\classfile\systemDictionary.cp
Event: 6.188 Thread 0x0000000003665000 Exception <a 'java/lang/ClassNotFoundException': org/springframework/beans/factory/BeanNameAwareCustomizer> (0x00000000dba07090) thrown at [C:\re\workspace\8-2-build-windows-amd64-cygwin\jdk8u212\12974\hotspot\src\share\vm\classfile\systemDictionary.cpp, 
Event: 6.188 Thread 0x0000000003665000 Exception <a 'java/lang/ClassNotFoundException': org/springframework/beans/factory/InitializingBeanCustomizer> (0x00000000dba1d460) thrown at [C:\re\workspace\8-2-build-windows-amd64-cygwin\jdk8u212\12974\hotspot\src\share\vm\classfile\systemDictionary.cp
Event: 6.189 Thread 0x0000000003665000 Exception <a 'java/lang/ClassNotFoundException': org/springframework/beans/factory/DisposableBeanCustomizer> (0x00000000dba32270) thrown at [C:\re\workspace\8-2-build-windows-amd64-cygwin\jdk8u212\12974\hotspot\src\share\vm\classfile\systemDictionary.cpp,
Event: 6.190 Thread 0x0000000003665000 Exception <a 'java/lang/ClassNotFoundException': org/springframework/orm/jpa/EntityManagerFactoryInfoCustomizer> (0x00000000dba486b0) thrown at [C:\re\workspace\8-2-build-windows-amd64-cygwin\jdk8u212\12974\hotspot\src\share\vm\classfile\systemDictionary.
Event: 6.190 Thread 0x0000000003665000 Exception <a 'java/lang/ArrayIndexOutOfBoundsException'> (0x00000000dba4c5f8) thrown at [C:\re\workspace\8-2-build-windows-amd64-cygwin\jdk8u212\12974\hotspot\src\share\vm\runtime\sharedRuntime.cpp, line 605]
Event: 6.190 Thread 0x0000000003665000 Exception <a 'java/lang/ClassNotFoundException': org/springframework/dao/support/PersistenceExceptionTranslatorCustomizer> (0x00000000dba6dad8) thrown at [C:\re\workspace\8-2-build-windows-amd64-cygwin\jdk8u212\12974\hotspot\src\share\vm\classfile\systemD

Events (10 events):
Event: 6.628 loading class java/sql/RowIdLifetime
Event: 6.628 loading class java/sql/RowIdLifetime done
Event: 6.631 loading class org/hibernate/engine/jdbc/env/spi/SQLStateType
Event: 6.631 loading class org/hibernate/engine/jdbc/env/spi/SQLStateType done
Event: 6.632 loading class org/hibernate/engine/jdbc/spi/TypeInfo
Event: 6.632 loading class org/hibernate/engine/jdbc/spi/TypeInfo done
Event: 6.633 loading class org/hibernate/internal/CoreMessageLogger_$logger_zh_CN
Event: 6.633 loading class org/hibernate/internal/CoreMessageLogger_$logger_zh_CN done
Event: 6.633 loading class org/hibernate/internal/CoreMessageLogger_$logger_zh
Event: 6.633 loading class org/hibernate/internal/CoreMessageLogger_$logger_zh done


Dynamic libraries:
0x00007ff7ae7c0000 - 0x00007ff7ae7f7000 	D:\Java\jdl-1.8\bin\java.exe
0x00007ffd41ec0000 - 0x00007ffd420b0000 	C:\WINDOWS\SYSTEM32\ntdll.dll
0x00007ffd41c00000 - 0x00007ffd41cb2000 	C:\WINDOWS\System32\KERNEL32.DLL
0x00007ffd3fb10000 - 0x00007ffd3fdb3000 	C:\WINDOWS\System32\KERNELBASE.dll
0x00007ffd41060000 - 0x00007ffd41103000 	C:\WINDOWS\System32\ADVAPI32.dll
0x00007ffd41b60000 - 0x00007ffd41bfe000 	C:\WINDOWS\System32\msvcrt.dll
0x00007ffd40500000 - 0x00007ffd40597000 	C:\WINDOWS\System32\sechost.dll
0x00007ffd41d60000 - 0x00007ffd41e80000 	C:\WINDOWS\System32\RPCRT4.dll
0x00007ffd3ff70000 - 0x00007ffd40104000 	C:\WINDOWS\System32\USER32.dll
0x00007ffd3fe90000 - 0x00007ffd3feb1000 	C:\WINDOWS\System32\win32u.dll
0x00007ffd40110000 - 0x00007ffd40136000 	C:\WINDOWS\System32\GDI32.dll
0x00007ffd3f720000 - 0x00007ffd3f8b4000 	C:\WINDOWS\System32\gdi32full.dll
0x00007ffd3f9c0000 - 0x00007ffd3fa5e000 	C:\WINDOWS\System32\msvcp_win.dll
0x00007ffd3f8c0000 - 0x00007ffd3f9ba000 	C:\WINDOWS\System32\ucrtbase.dll
0x00007ffd295f0000 - 0x00007ffd29875000 	C:\WINDOWS\WinSxS\amd64_microsoft.windows.common-controls_6595b64144ccf1df_6.0.18362.418_none_e6c6b287130d565d\COMCTL32.dll
0x00007ffd40d20000 - 0x00007ffd41056000 	C:\WINDOWS\System32\combase.dll
0x00007ffd3fec0000 - 0x00007ffd3ff40000 	C:\WINDOWS\System32\bcryptPrimitives.dll
0x00007ffd40600000 - 0x00007ffd4062e000 	C:\WINDOWS\System32\IMM32.DLL
0x0000000061f20000 - 0x0000000061ff2000 	D:\Java\jdl-1.8\jre\bin\msvcr100.dll
0x0000000061670000 - 0x0000000061f15000 	D:\Java\jdl-1.8\jre\bin\server\jvm.dll
0x00007ffd41b50000 - 0x00007ffd41b58000 	C:\WINDOWS\System32\PSAPI.DLL
0x00007ffd2ac50000 - 0x00007ffd2ac59000 	C:\WINDOWS\SYSTEM32\WSOCK32.dll
0x00007ffd41180000 - 0x00007ffd411ef000 	C:\WINDOWS\System32\WS2_32.dll
0x00007ffd3ce30000 - 0x00007ffd3ce54000 	C:\WINDOWS\SYSTEM32\WINMM.dll
0x00007ffd3d900000 - 0x00007ffd3d90a000 	C:\WINDOWS\SYSTEM32\VERSION.dll
0x00007ffd3cd70000 - 0x00007ffd3cd9d000 	C:\WINDOWS\SYSTEM32\WINMMBASE.dll
0x00007ffd3fa60000 - 0x00007ffd3faaa000 	C:\WINDOWS\System32\cfgmgr32.dll
0x00007ffd3cb00000 - 0x00007ffd3cb0f000 	D:\Java\jdl-1.8\jre\bin\verify.dll
0x00007ffd3a7c0000 - 0x00007ffd3a7e9000 	D:\Java\jdl-1.8\jre\bin\java.dll
0x00007ffd1c520000 - 0x00007ffd1c543000 	D:\Java\jdl-1.8\jre\bin\instrument.dll
0x00007ffd3b160000 - 0x00007ffd3b176000 	D:\Java\jdl-1.8\jre\bin\zip.dll
0x00007ffd41460000 - 0x00007ffd41b45000 	C:\WINDOWS\System32\SHELL32.dll
0x00007ffd40140000 - 0x00007ffd401e9000 	C:\WINDOWS\System32\shcore.dll
0x00007ffd3efa0000 - 0x00007ffd3f71f000 	C:\WINDOWS\System32\windows.storage.dll
0x00007ffd3eda0000 - 0x00007ffd3edbf000 	C:\WINDOWS\System32\profapi.dll
0x00007ffd3ee00000 - 0x00007ffd3ee4a000 	C:\WINDOWS\System32\powrprof.dll
0x00007ffd3ed90000 - 0x00007ffd3eda0000 	C:\WINDOWS\System32\UMPDC.dll
0x00007ffd40420000 - 0x00007ffd40472000 	C:\WINDOWS\System32\shlwapi.dll
0x00007ffd3ede0000 - 0x00007ffd3edf1000 	C:\WINDOWS\System32\kernel.appcore.dll
0x00007ffd3fe70000 - 0x00007ffd3fe87000 	C:\WINDOWS\System32\cryptsp.dll
0x00007ffd37980000 - 0x00007ffd3799a000 	D:\IntelliJ IDEA 2019.1.3\bin\breakgen64.dll
0x00007ffd3a8c0000 - 0x00007ffd3a8da000 	D:\Java\jdl-1.8\jre\bin\net.dll
0x00007ffd33700000 - 0x00007ffd338d6000 	C:\WINDOWS\SYSTEM32\urlmon.dll
0x00007ffd33f00000 - 0x00007ffd341a6000 	C:\WINDOWS\SYSTEM32\iertutil.dll
0x00007ffd3e770000 - 0x00007ffd3e77c000 	C:\WINDOWS\SYSTEM32\CRYPTBASE.DLL
0x00007ffd3e5a0000 - 0x00007ffd3e607000 	C:\WINDOWS\system32\mswsock.dll
0x00007ffd3e2f0000 - 0x00007ffd3e3ba000 	C:\WINDOWS\SYSTEM32\DNSAPI.dll
0x00007ffd413a0000 - 0x00007ffd413a8000 	C:\WINDOWS\System32\NSI.dll
0x00007ffd3e2b0000 - 0x00007ffd3e2ea000 	C:\WINDOWS\SYSTEM32\IPHLPAPI.DLL
0x00007ffd2f3e0000 - 0x00007ffd2f3ea000 	C:\Windows\System32\rasadhlp.dll
0x00007ffd35840000 - 0x00007ffd358b7000 	C:\WINDOWS\System32\fwpuclnt.dll
0x00007ffd3ff40000 - 0x00007ffd3ff66000 	C:\WINDOWS\System32\bcrypt.dll
0x00007ffd35520000 - 0x00007ffd3552d000 	D:\Java\jdl-1.8\jre\bin\management.dll
0x00007ffd3a2e0000 - 0x00007ffd3a2f2000 	D:\Java\jdl-1.8\jre\bin\nio.dll
0x00007ffd3e110000 - 0x00007ffd3e143000 	C:\WINDOWS\system32\rsaenh.dll
0x00007ffd3ec80000 - 0x00007ffd3eca5000 	C:\WINDOWS\SYSTEM32\USERENV.dll
0x00007ffd35820000 - 0x00007ffd35836000 	C:\WINDOWS\SYSTEM32\dhcpcsvc6.DLL
0x00007ffd357d0000 - 0x00007ffd357ec000 	C:\WINDOWS\SYSTEM32\dhcpcsvc.DLL
0x00007ffd27520000 - 0x00007ffd27536000 	C:\WINDOWS\system32\napinsp.dll
0x00007ffd274f0000 - 0x00007ffd2750a000 	C:\WINDOWS\system32\pnrpnsp.dll
0x00007ffd256b0000 - 0x00007ffd256be000 	C:\WINDOWS\System32\winrnr.dll
0x00007ffd39a60000 - 0x00007ffd39a7c000 	C:\WINDOWS\system32\NLAapi.dll
0x00007ffd39820000 - 0x00007ffd39835000 	C:\WINDOWS\system32\wshbth.dll
0x0000000180000000 - 0x0000000180281000 	D:\apache-tomcat-9.0.21\bin\tcnative-1.dll
0x00007ffd3ee50000 - 0x00007ffd3ef99000 	C:\WINDOWS\System32\CRYPT32.dll
0x00007ffd3edc0000 - 0x00007ffd3edd2000 	C:\WINDOWS\System32\MSASN1.dll

VM Arguments:
jvm_args: -XX:TieredStopAtLevel=1 -Xverify:none -Dspring.output.ansi.enabled=always -Dcom.sun.management.jmxremote -Dspring.jmx.enabled=true -Dspring.liveBeansView.mbeanDomain -Dspring.application.admin.enabled=true -javaagent:D:\IntelliJ IDEA 2019.1.3\lib\idea_rt.jar=60000:D:\IntelliJ IDEA 2019.1.3\bin -Dfile.encoding=UTF-8 
java_command: bald.base.BaseApplication
java_class_path (initial): D:\Java\jdl-1.8\jre\lib\charsets.jar;D:\Java\jdl-1.8\jre\lib\deploy.jar;D:\Java\jdl-1.8\jre\lib\ext\access-bridge-64.jar;D:\Java\jdl-1.8\jre\lib\ext\cldrdata.jar;D:\Java\jdl-1.8\jre\lib\ext\dnsns.jar;D:\Java\jdl-1.8\jre\lib\ext\jaccess.jar;D:\Java\jdl-1.8\jre\lib\ext\jfxrt.jar;D:\Java\jdl-1.8\jre\lib\ext\localedata.jar;D:\Java\jdl-1.8\jre\lib\ext\nashorn.jar;D:\Java\jdl-1.8\jre\lib\ext\sunec.jar;D:\Java\jdl-1.8\jre\lib\ext\sunjce_provider.jar;D:\Java\jdl-1.8\jre\lib\ext\sunmscapi.jar;D:\Java\jdl-1.8\jre\lib\ext\sunpkcs11.jar;D:\Java\jdl-1.8\jre\lib\ext\zipfs.jar;D:\Java\jdl-1.8\jre\lib\javaws.jar;D:\Java\jdl-1.8\jre\lib\jce.jar;D:\Java\jdl-1.8\jre\lib\jfr.jar;D:\Java\jdl-1.8\jre\lib\jfxswt.jar;D:\Java\jdl-1.8\jre\lib\jsse.jar;D:\Java\jdl-1.8\jre\lib\management-agent.jar;D:\Java\jdl-1.8\jre\lib\plugin.jar;D:\Java\jdl-1.8\jre\lib\resources.jar;D:\Java\jdl-1.8\jre\lib\rt.jar;C:\Users\13548943514\IdeaProjects\bald\bald_base\target\classes;D:\Maven\LocalWarehouse\org\springframework\boot\spring-boot-starter-data-jpa\2.0.1.RELEASE\spring-boot-starter-data-jpa-2.0.1.RELEASE.jar;D:\Maven\LocalWarehouse\org\springframework\boot\spring-boot-starter\2.0.1.RELEASE\spring-boot-starter-2.0.1.RELEASE.jar;D:\Maven\LocalWarehouse\org\springframework\boot\spring-boot\2.0.1.RELEASE\spring-boot-2.0.1.RELEASE.jar;D:\Maven\LocalWarehouse\org\springframework\boot\spring-boot-autoconfigure\2.0.1.RELEASE\spring-boot-autoconfigure-2.0.1.RELEASE.jar;D:\Maven\LocalWarehouse\org\springframework\boot\spring-boot-starter-logging\2.0.1.RELEASE\spring-boot-starter-logging-2.0.1.RELEASE.jar;D:\Maven\LocalWarehouse\ch\qos\logback\logback-classic\1.2.3\logback-classic-1.2.3.jar;D:\Maven\LocalWarehouse\ch\qos\logback\logback-core\1.2.3\logback-core-1.2.3.jar;D:\Maven\LocalWarehouse\org\apache\logging\log4j\log4j-to-slf4j\2.10.0\log4j-to-slf4j-2.10.0.jar;D:\Maven\LocalWarehouse\org\apache\logging\log4j\log4j-api\2.10.0\log4j-api-2.10.0.jar;D:\Maven\LocalWarehouse\org\slf4j\j
Launcher Type: SUN_STANDARD

Environment Variables:
JAVA_HOME=D:\Java\jdk-12.0.1
PATH=C:\Program Files (x86)\NetSarang\Xftp 6\;C:\Program Files (x86)\NetSarang\Xshell 6\;C:\Program Files (x86)\Common Files\Oracle\Java\javapath;D:\pracle\product\11.2.0\dbhome_1\bin;D:\redis;C:\WINDOWS\system32;C:\WINDOWS;C:\WINDOWS\System32\Wbem;C:\WINDOWS\System32\WindowsPowerShell\v1.0\;C:\Program Files\Intel\WiFi\bin\;C:\Program Files\Common Files\Intel\WirelessCommon\;C:\WINDOWS\System32\OpenSSH\;C:\Program Files (x86)\MySQL\MySQL Server 5.0\bin;D:\Java\jdk-12.0.1\bin;D:\Java\jdk-12.0.1\jre\bin;D:\apache-tomcat-9.0.21\bin;D:\apache-tomcat-9.0.21\lib;D:\Maven\apache-maven-3.5.4\bin;C:\Program Files\Git\cmd;C:\Program Files\nodejs\;C:\Users\13548943514\AppData\Local\Microsoft\WindowsApps;;D:\IntelliJ IDEA 2019.1.3\bin;;C:\Users\13548943514\AppData\Roaming\npm;C:\Users\13548943514\AppData\Local\Programs\Microsoft VS Code\bin
USERNAME=13548943514
OS=Windows_NT
PROCESSOR_IDENTIFIER=Intel64 Family 6 Model 142 Stepping 9, GenuineIntel



---------------  S Y S T E M  ---------------

OS: Windows 10.0 , 64 bit Build 18362 (10.0.18362.329)

CPU:total 4 (initial active 4) (2 cores per cpu, 2 threads per core) family 6 model 142 stepping 9, cmov, cx8, fxsr, mmx, sse, sse2, sse3, ssse3, sse4.1, sse4.2, popcnt, avx, avx2, aes, clmul, erms, 3dnowpref, lzcnt, ht, tsc, tscinvbit, bmi1, bmi2, adx

Memory: 4k page, physical 8227852k(1658708k free), swap 10173452k(3936k free)

vm_info: Java HotSpot(TM) 64-Bit Server VM (25.212-b10) for windows-amd64 JRE (1.8.0_212-b10), built on Apr  1 2019 22:50:23 by "java_re" with MS VC++ 10.0 (VS2010)

time: Fri Nov 08 16:57:28 2019
timezone: 中国标准时间
elapsed time: 6 seconds (0d 0h 0m 6s)

