#
# There is insufficient memory for the Java Runtime Environment to continue.
# Native memory allocation (malloc) failed to allocate 1048576 bytes for AllocateHeap
# Possible reasons:
#   The system is out of physical RAM or swap space
#   The process is running with CompressedOops enabled, and the Java Heap may be blocking the growth of the native heap
# Possible solutions:
#   Reduce memory load on the system
#   Increase physical memory or swap space
#   Check if swap backing store is full
#   Decrease Java heap size (-Xmx/-Xms)
#   Decrease number of Java threads
#   Decrease Java thread stack sizes (-Xss)
#   Set larger code cache with -XX:ReservedCodeCacheSize=
#   JVM is running with Unscaled Compressed Oops mode in which the Java heap is
#     placed in the first 4GB address space. The Java Heap base address is the
#     maximum limit for the native heap growth. Please use -XX:HeapBaseMinAddress
#     to set the Java Heap base and to place the Java Heap above 4GB virtual address.
# This output file may be truncated or incomplete.
#
#  Out of Memory Error (memory/allocation.inline.hpp:61), pid=20988, tid=0x000000000000021c
#
# JRE version:  (8.0_212-b10) (build )
# Java VM: Java HotSpot(TM) 64-Bit Server VM (25.212-b10 mixed mode windows-amd64 compressed oops)
# Failed to write core dump. Minidumps are not enabled by default on client versions of Windows
#

---------------  T H R E A D  ---------------

Current thread (0x00000000032e5000):  JavaThread "Unknown thread" [_thread_in_vm, id=540, stack(0x0000000001400000,0x0000000001500000)]

Stack: [0x0000000001400000,0x0000000001500000]
[error occurred during error reporting (printing stack bounds), id 0xc0000005]

Native frames: (J=compiled Java code, j=interpreted, Vv=VM code, C=native code)


---------------  P R O C E S S  ---------------

Java Threads: ( => current thread )

Other Threads:

=>0x00000000032e5000 (exited) JavaThread "Unknown thread" [_thread_in_vm, id=540, stack(0x0000000001400000,0x0000000001500000)]

VM state:not at safepoint (normal execution)

VM Mutex/Monitor currently owned by a thread: None

heap address: 0x0000000082600000, size: 2010 MB, Compressed Oops mode: 32-bit
Narrow klass base: 0x0000000000000000, Narrow klass shift: 3
Compressed class space size: 1073741824 Address: 0x0000000100000000

Heap:
 PSYoungGen      total 37888K, used 655K [0x00000000d6200000, 0x00000000d8c00000, 0x0000000100000000)
  eden space 32768K, 2% used [0x00000000d6200000,0x00000000d62a3d80,0x00000000d8200000)
  from space 5120K, 0% used [0x00000000d8700000,0x00000000d8700000,0x00000000d8c00000)
  to   space 5120K, 0% used [0x00000000d8200000,0x00000000d8200000,0x00000000d8700000)
 ParOldGen       total 86016K, used 0K [0x0000000082600000, 0x0000000087a00000, 0x00000000d6200000)
  object space 86016K, 0% used [0x0000000082600000,0x0000000082600000,0x0000000087a00000)
 Metaspace       used 775K, capacity 4480K, committed 4480K, reserved 1056768K
  class space    used 76K, capacity 384K, committed 384K, reserved 1048576K

Card table byte_map: [0x00000000127a0000,0x0000000012b90000] byte_map_base: 0x000000001238d000

Marking Bits: (ParMarkBitMap*) 0x0000000061e95ce0
 Begin Bits: [0x0000000013230000, 0x0000000015198000)
 End Bits:   [0x0000000015198000, 0x0000000017100000)

Polling page: 0x0000000000bf0000

CodeCache: size=245760Kb used=328Kb max_used=328Kb free=245431Kb
 bounds [0x00000000033e0000, 0x0000000003650000, 0x00000000123e0000]
 total_blobs=58 nmethods=0 adapters=38
 compilation: enabled

Compilation events (0 events):
No events

GC Heap History (0 events):
No events

Deoptimization events (0 events):
No events

Classes redefined (0 events):
No events

Internal exceptions (0 events):
No events

Events (10 events):
Event: 0.076 loading class java/lang/Short
Event: 0.076 loading class java/lang/Short done
Event: 0.076 loading class java/lang/Integer
Event: 0.077 loading class java/lang/Integer done
Event: 0.077 loading class java/lang/Long
Event: 0.077 loading class java/lang/Long done
Event: 0.078 loading class java/lang/NullPointerException
Event: 0.078 loading class java/lang/NullPointerException done
Event: 0.078 loading class java/lang/ArithmeticException
Event: 0.078 loading class java/lang/ArithmeticException done


Dynamic libraries:
0x00007ff7ae7c0000 - 0x00007ff7ae7f7000 	D:\Java\jdl-1.8\bin\java.exe
0x00007ffd41ec0000 - 0x00007ffd420b0000 	C:\WINDOWS\SYSTEM32\ntdll.dll
0x00007ffd41c00000 - 0x00007ffd41cb2000 	C:\WINDOWS\System32\KERNEL32.DLL
0x00007ffd3fb10000 - 0x00007ffd3fdb3000 	C:\WINDOWS\System32\KERNELBASE.dll
0x00007ffd41060000 - 0x00007ffd41103000 	C:\WINDOWS\System32\ADVAPI32.dll
0x00007ffd41b60000 - 0x00007ffd41bfe000 	C:\WINDOWS\System32\msvcrt.dll
0x00007ffd40500000 - 0x00007ffd40597000 	C:\WINDOWS\System32\sechost.dll
0x00007ffd41d60000 - 0x00007ffd41e80000 	C:\WINDOWS\System32\RPCRT4.dll
0x00007ffd3ff70000 - 0x00007ffd40104000 	C:\WINDOWS\System32\USER32.dll
0x00007ffd3fe90000 - 0x00007ffd3feb1000 	C:\WINDOWS\System32\win32u.dll
0x00007ffd40110000 - 0x00007ffd40136000 	C:\WINDOWS\System32\GDI32.dll
0x00007ffd3f720000 - 0x00007ffd3f8b4000 	C:\WINDOWS\System32\gdi32full.dll
0x00007ffd3f9c0000 - 0x00007ffd3fa5e000 	C:\WINDOWS\System32\msvcp_win.dll
0x00007ffd3f8c0000 - 0x00007ffd3f9ba000 	C:\WINDOWS\System32\ucrtbase.dll
0x00007ffd295f0000 - 0x00007ffd29875000 	C:\WINDOWS\WinSxS\amd64_microsoft.windows.common-controls_6595b64144ccf1df_6.0.18362.418_none_e6c6b287130d565d\COMCTL32.dll
0x00007ffd40d20000 - 0x00007ffd41056000 	C:\WINDOWS\System32\combase.dll
0x00007ffd3fec0000 - 0x00007ffd3ff40000 	C:\WINDOWS\System32\bcryptPrimitives.dll
0x00007ffd40600000 - 0x00007ffd4062e000 	C:\WINDOWS\System32\IMM32.DLL
0x0000000061f20000 - 0x0000000061ff2000 	D:\Java\jdl-1.8\jre\bin\msvcr100.dll
0x0000000061670000 - 0x0000000061f15000 	D:\Java\jdl-1.8\jre\bin\server\jvm.dll
0x00007ffd41b50000 - 0x00007ffd41b58000 	C:\WINDOWS\System32\PSAPI.DLL
0x00007ffd2ac50000 - 0x00007ffd2ac59000 	C:\WINDOWS\SYSTEM32\WSOCK32.dll
0x00007ffd41180000 - 0x00007ffd411ef000 	C:\WINDOWS\System32\WS2_32.dll
0x00007ffd3ce30000 - 0x00007ffd3ce54000 	C:\WINDOWS\SYSTEM32\WINMM.dll
0x00007ffd3d900000 - 0x00007ffd3d90a000 	C:\WINDOWS\SYSTEM32\VERSION.dll
0x00007ffd3cd70000 - 0x00007ffd3cd9d000 	C:\WINDOWS\SYSTEM32\WINMMBASE.dll
0x00007ffd3fa60000 - 0x00007ffd3faaa000 	C:\WINDOWS\System32\cfgmgr32.dll
0x00007ffd3cb00000 - 0x00007ffd3cb0f000 	D:\Java\jdl-1.8\jre\bin\verify.dll
0x00007ffd3a7c0000 - 0x00007ffd3a7e9000 	D:\Java\jdl-1.8\jre\bin\java.dll
0x00007ffd34680000 - 0x00007ffd346a3000 	D:\Java\jdl-1.8\jre\bin\instrument.dll
0x00007ffd3b160000 - 0x00007ffd3b176000 	D:\Java\jdl-1.8\jre\bin\zip.dll

VM Arguments:
jvm_args: -XX:TieredStopAtLevel=1 -Xverify:none -Dspring.output.ansi.enabled=always -Dcom.sun.management.jmxremote -Dspring.jmx.enabled=true -Dspring.liveBeansView.mbeanDomain -Dspring.application.admin.enabled=true -javaagent:D:\IntelliJ IDEA 2019.1.3\lib\idea_rt.jar=60432:D:\IntelliJ IDEA 2019.1.3\bin -Dfile.encoding=UTF-8 
java_command: bald.base.BaseApplication
java_class_path (initial): D:\Java\jdl-1.8\jre\lib\charsets.jar;D:\Java\jdl-1.8\jre\lib\deploy.jar;D:\Java\jdl-1.8\jre\lib\ext\access-bridge-64.jar;D:\Java\jdl-1.8\jre\lib\ext\cldrdata.jar;D:\Java\jdl-1.8\jre\lib\ext\dnsns.jar;D:\Java\jdl-1.8\jre\lib\ext\jaccess.jar;D:\Java\jdl-1.8\jre\lib\ext\jfxrt.jar;D:\Java\jdl-1.8\jre\lib\ext\localedata.jar;D:\Java\jdl-1.8\jre\lib\ext\nashorn.jar;D:\Java\jdl-1.8\jre\lib\ext\sunec.jar;D:\Java\jdl-1.8\jre\lib\ext\sunjce_provider.jar;D:\Java\jdl-1.8\jre\lib\ext\sunmscapi.jar;D:\Java\jdl-1.8\jre\lib\ext\sunpkcs11.jar;D:\Java\jdl-1.8\jre\lib\ext\zipfs.jar;D:\Java\jdl-1.8\jre\lib\javaws.jar;D:\Java\jdl-1.8\jre\lib\jce.jar;D:\Java\jdl-1.8\jre\lib\jfr.jar;D:\Java\jdl-1.8\jre\lib\jfxswt.jar;D:\Java\jdl-1.8\jre\lib\jsse.jar;D:\Java\jdl-1.8\jre\lib\management-agent.jar;D:\Java\jdl-1.8\jre\lib\plugin.jar;D:\Java\jdl-1.8\jre\lib\resources.jar;D:\Java\jdl-1.8\jre\lib\rt.jar;C:\Users\13548943514\IdeaProjects\bald\bald_base\target\classes;D:\Maven\LocalWarehouse\org\springframework\boot\spring-boot-starter-data-jpa\2.0.1.RELEASE\spring-boot-starter-data-jpa-2.0.1.RELEASE.jar;D:\Maven\LocalWarehouse\org\springframework\boot\spring-boot-starter\2.0.1.RELEASE\spring-boot-starter-2.0.1.RELEASE.jar;D:\Maven\LocalWarehouse\org\springframework\boot\spring-boot\2.0.1.RELEASE\spring-boot-2.0.1.RELEASE.jar;D:\Maven\LocalWarehouse\org\springframework\boot\spring-boot-autoconfigure\2.0.1.RELEASE\spring-boot-autoconfigure-2.0.1.RELEASE.jar;D:\Maven\LocalWarehouse\org\springframework\boot\spring-boot-starter-logging\2.0.1.RELEASE\spring-boot-starter-logging-2.0.1.RELEASE.jar;D:\Maven\LocalWarehouse\ch\qos\logback\logback-classic\1.2.3\logback-classic-1.2.3.jar;D:\Maven\LocalWarehouse\ch\qos\logback\logback-core\1.2.3\logback-core-1.2.3.jar;D:\Maven\LocalWarehouse\org\apache\logging\log4j\log4j-to-slf4j\2.10.0\log4j-to-slf4j-2.10.0.jar;D:\Maven\LocalWarehouse\org\apache\logging\log4j\log4j-api\2.10.0\log4j-api-2.10.0.jar;D:\Maven\LocalWarehouse\org\slf4j\j
Launcher Type: SUN_STANDARD

Environment Variables:
JAVA_HOME=D:\Java\jdk-12.0.1
PATH=C:\Program Files (x86)\NetSarang\Xftp 6\;C:\Program Files (x86)\NetSarang\Xshell 6\;C:\Program Files (x86)\Common Files\Oracle\Java\javapath;D:\pracle\product\11.2.0\dbhome_1\bin;D:\redis;C:\WINDOWS\system32;C:\WINDOWS;C:\WINDOWS\System32\Wbem;C:\WINDOWS\System32\WindowsPowerShell\v1.0\;C:\Program Files\Intel\WiFi\bin\;C:\Program Files\Common Files\Intel\WirelessCommon\;C:\WINDOWS\System32\OpenSSH\;C:\Program Files (x86)\MySQL\MySQL Server 5.0\bin;D:\Java\jdk-12.0.1\bin;D:\Java\jdk-12.0.1\jre\bin;D:\apache-tomcat-9.0.21\bin;D:\apache-tomcat-9.0.21\lib;D:\Maven\apache-maven-3.5.4\bin;C:\Program Files\Git\cmd;C:\Program Files\nodejs\;C:\Users\13548943514\AppData\Local\Microsoft\WindowsApps;;D:\IntelliJ IDEA 2019.1.3\bin;;C:\Users\13548943514\AppData\Roaming\npm;C:\Users\13548943514\AppData\Local\Programs\Microsoft VS Code\bin
USERNAME=13548943514
OS=Windows_NT
PROCESSOR_IDENTIFIER=Intel64 Family 6 Model 142 Stepping 9, GenuineIntel



---------------  S Y S T E M  ---------------

OS: Windows 10.0 , 64 bit Build 18362 (10.0.18362.329)

CPU:total 4 (initial active 4) (2 cores per cpu, 2 threads per core) family 6 model 142 stepping 9, cmov, cx8, fxsr, mmx, sse, sse2, sse3, ssse3, sse4.1, sse4.2, popcnt, avx, avx2, aes, clmul, erms, 3dnowpref, lzcnt, ht, tsc, tscinvbit, bmi1, bmi2, adx

Memory: 4k page, physical 8227852k(1572432k free), swap 10173452k(5288k free)

vm_info: Java HotSpot(TM) 64-Bit Server VM (25.212-b10) for windows-amd64 JRE (1.8.0_212-b10), built on Apr  1 2019 22:50:23 by "java_re" with MS VC++ 10.0 (VS2010)

time: Fri Nov 08 17:01:58 2019
timezone: 中国标准时间
elapsed time: 0 seconds (0d 0h 0m 0s)

